manifest-merger-release-report.txt
-- Merging decision tree log ---
manifest
ADDED from AndroidManifest.xml:2:1
	package
		ADDED from AndroidManifest.xml:4:5
	android:versionName
		ADDED from AndroidManifest.xml:6:5
	xmlns:tools
		ADDED from AndroidManifest.xml:3:5
	android:versionCode
		ADDED from AndroidManifest.xml:5:5
		INJECTED from AndroidManifest.xml:0:0
		INJECTED from AndroidManifest.xml:0:0
	xmlns:android
		ADDED from AndroidManifest.xml:2:11
uses-sdk
ADDED from AndroidManifest.xml:8:5
MERGED from Quantum:zrcListView:0.4-SNAPSHOT:7:5
MERGED from com.android.support:support-v4:22.1.1:20:5
MERGED from Quantum:multi-image-selector:0.4-SNAPSHOT:7:5
MERGED from com.android.support:support-v4:22.1.1:20:5
MERGED from com.android.support:appcompat-v7:22.1.1:20:5
MERGED from com.android.support:support-v4:22.1.1:20:5
MERGED from com.edmodo:cropper:1.0.1:7:5
MERGED from Quantum:ninjaCropLib:0.4-SNAPSHOT:7:5
MERGED from com.android.support:support-v4:22.1.1:20:5
MERGED from Quantum:circleimageview:0.4-SNAPSHOT:5:5
	android:targetSdkVersion
		ADDED from AndroidManifest.xml:10:9
	android:minSdkVersion
		ADDED from AndroidManifest.xml:9:9
uses-permission#android.permission.INTERNET
ADDED from AndroidManifest.xml:12:5
	android:name
		ADDED from AndroidManifest.xml:12:22
uses-permission#android.permission.RECORD_AUDIO
ADDED from AndroidManifest.xml:13:5
	android:name
		ADDED from AndroidManifest.xml:13:22
uses-permission#android.permission.WAKE_LOCK
ADDED from AndroidManifest.xml:14:5
	android:name
		ADDED from AndroidManifest.xml:14:22
uses-permission#android.permission.WRITE_EXTERNAL_STORAGE
ADDED from AndroidManifest.xml:15:5
MERGED from Quantum:ninjaCropLib:0.4-SNAPSHOT:12:5
	android:name
		ADDED from AndroidManifest.xml:15:22
uses-permission#android.permission.FLASHLIGHT
ADDED from AndroidManifest.xml:16:5
	android:name
		ADDED from AndroidManifest.xml:16:22
uses-permission#android.permission.ACCESS_WIFI_STATE
ADDED from AndroidManifest.xml:17:5
	android:name
		ADDED from AndroidManifest.xml:17:22
uses-permission#android.permission.CHANGE_WIFI_MULTICAST_STATE
ADDED from AndroidManifest.xml:18:5
	android:name
		ADDED from AndroidManifest.xml:18:22
uses-permission#android.permission.ACCESS_NETWORK_STATE
ADDED from AndroidManifest.xml:19:5
	android:name
		ADDED from AndroidManifest.xml:19:22
uses-permission#android.permission.READ_EXTERNAL_STORAGE
ADDED from AndroidManifest.xml:20:5
MERGED from Quantum:ninjaCropLib:0.4-SNAPSHOT:11:5
	android:name
		ADDED from AndroidManifest.xml:20:22
uses-permission#android.permission.CAMERA
ADDED from AndroidManifest.xml:21:5
	android:name
		ADDED from AndroidManifest.xml:21:22
uses-permission#android.permission.MOUNT_UNMOUNT_FILESYSTEMS
ADDED from AndroidManifest.xml:23:5
	android:name
		ADDED from AndroidManifest.xml:23:22
uses-permission#android.permission.INTERACT_ACROSS_USERS_FULL
ADDED from AndroidManifest.xml:24:5
	android:name
		ADDED from AndroidManifest.xml:24:22
uses-feature#android.hardware.camera
ADDED from AndroidManifest.xml:26:5
	android:name
		ADDED from AndroidManifest.xml:26:19
uses-feature#android.hardware.autofocus
ADDED from AndroidManifest.xml:27:5
	android:name
		ADDED from AndroidManifest.xml:27:19
uses-permission#android.permission.ACCESSFINELOCATION
ADDED from AndroidManifest.xml:29:5
	android:name
		ADDED from AndroidManifest.xml:29:22
uses-permission#android.permission.ACCESSCOARSELOCATION
ADDED from AndroidManifest.xml:30:5
	android:name
		ADDED from AndroidManifest.xml:30:22
uses-permission#android.permission.USE_CREDENTIALS
ADDED from AndroidManifest.xml:35:5
	android:name
		ADDED from AndroidManifest.xml:35:22
uses-permission#android.permission.GET_ACCOUNTS
ADDED from AndroidManifest.xml:37:5
	android:name
		ADDED from AndroidManifest.xml:37:22
uses-permission#android.permission.VIBRATE
ADDED from AndroidManifest.xml:40:5
	android:name
		ADDED from AndroidManifest.xml:40:22
uses-permission#android.permission.ACCESS_FINE_LOCATION
ADDED from AndroidManifest.xml:47:5
	android:name
		ADDED from AndroidManifest.xml:47:22
uses-permission#android.permission.CHANGE_WIFI_STATE
ADDED from AndroidManifest.xml:49:5
	android:name
		ADDED from AndroidManifest.xml:49:22
uses-permission#android.permission.MODIFY_AUDIO_SETTINGS
ADDED from AndroidManifest.xml:51:5
	android:name
		ADDED from AndroidManifest.xml:51:22
uses-permission#android.permission.READ_PHONE_STATE
ADDED from AndroidManifest.xml:52:5
	android:name
		ADDED from AndroidManifest.xml:52:22
uses-permission#android.permission.RECEIVE_BOOT_COMPLETED
ADDED from AndroidManifest.xml:53:5
	android:name
		ADDED from AndroidManifest.xml:53:22
uses-permission#android.permission.AUTHENTICATE_ACCOUNTS
ADDED from AndroidManifest.xml:56:5
	android:name
		ADDED from AndroidManifest.xml:56:22
uses-permission#com.android.launcher.permission.READ_SETTINGS
ADDED from AndroidManifest.xml:57:5
	android:name
		ADDED from AndroidManifest.xml:57:22
uses-permission#android.permission.BROADCAST_STICKY
ADDED from AndroidManifest.xml:58:5
	android:name
		ADDED from AndroidManifest.xml:58:22
uses-permission#android.permission.WRITE_SETTINGS
ADDED from AndroidManifest.xml:59:5
	android:name
		ADDED from AndroidManifest.xml:59:22
uses-permission#android.permission.READ_PROFILE
ADDED from AndroidManifest.xml:61:5
	android:name
		ADDED from AndroidManifest.xml:61:22
uses-permission#android.permission.READ_CONTACTS
ADDED from AndroidManifest.xml:62:5
	android:name
		ADDED from AndroidManifest.xml:62:22
uses-permission#android.permission.ACCESS_MOCK_LOCATION
ADDED from AndroidManifest.xml:69:5
	tools:ignore
		ADDED from AndroidManifest.xml:70:9
	android:name
		ADDED from AndroidManifest.xml:69:22
uses-permission#android.permission.GET_TASKS
ADDED from AndroidManifest.xml:74:5
	android:name
		ADDED from AndroidManifest.xml:74:22
uses-permission#android.permission.MANAGE_ACCOUNTS
ADDED from AndroidManifest.xml:83:5
	android:name
		ADDED from AndroidManifest.xml:83:22
application
ADDED from AndroidManifest.xml:89:5
MERGED from com.android.support:support-v4:22.1.1:22:5
MERGED from Quantum:multi-image-selector:0.4-SNAPSHOT:11:5
MERGED from com.android.support:support-v4:22.1.1:22:5
MERGED from com.android.support:appcompat-v7:22.1.1:22:5
MERGED from com.android.support:support-v4:22.1.1:22:5
MERGED from Quantum:ninjaCropLib:0.4-SNAPSHOT:14:5
MERGED from com.android.support:support-v4:22.1.1:22:5
MERGED from Quantum:circleimageview:0.4-SNAPSHOT:9:5
	android:label
		ADDED from AndroidManifest.xml:93:9
	android:allowBackup
		ADDED from AndroidManifest.xml:91:9
	android:icon
		ADDED from AndroidManifest.xml:92:9
	android:theme
		ADDED from AndroidManifest.xml:94:9
	android:name
		ADDED from AndroidManifest.xml:90:9
activity#tv.liangzi.quantum.activity.LoginActivity
ADDED from AndroidManifest.xml:96:9
	android:screenOrientation
		ADDED from AndroidManifest.xml:99:13
	android:hardwareAccelerated
		ADDED from AndroidManifest.xml:98:13
	android:windowSoftInputMode
		ADDED from AndroidManifest.xml:101:13
	android:theme
		ADDED from AndroidManifest.xml:100:13
	android:name
		ADDED from AndroidManifest.xml:97:13
intent-filter#android.intent.action.MAIN+android.intent.category.LAUNCHER
ADDED from AndroidManifest.xml:102:13
action#android.intent.action.MAIN
ADDED from AndroidManifest.xml:103:17
	android:name
		ADDED from AndroidManifest.xml:103:25
category#android.intent.category.LAUNCHER
ADDED from AndroidManifest.xml:104:17
	android:name
		ADDED from AndroidManifest.xml:104:27
activity#tv.liangzi.quantum.activity.MainActivity
ADDED from AndroidManifest.xml:107:9
	android:screenOrientation
		ADDED from AndroidManifest.xml:112:13
	android:label
		ADDED from AndroidManifest.xml:111:13
	android:windowSoftInputMode
		ADDED from AndroidManifest.xml:110:13
	android:configChanges
		ADDED from AndroidManifest.xml:109:13
	android:theme
		ADDED from AndroidManifest.xml:113:13
	android:name
		ADDED from AndroidManifest.xml:108:13
activity#tv.liangzi.quantum.activity.UserInfoActivity
ADDED from AndroidManifest.xml:117:9
	android:screenOrientation
		ADDED from AndroidManifest.xml:120:13
	android:configChanges
		ADDED from AndroidManifest.xml:119:13
	android:theme
		ADDED from AndroidManifest.xml:121:13
	android:name
		ADDED from AndroidManifest.xml:118:13
activity#tv.liangzi.quantum.activity.videoInfoPageActivity
ADDED from AndroidManifest.xml:122:9
	android:configChanges
		ADDED from AndroidManifest.xml:124:13
	android:theme
		ADDED from AndroidManifest.xml:125:13
	android:name
		ADDED from AndroidManifest.xml:123:13
activity#tv.liangzi.quantum.activity.TimePickerActivity
ADDED from AndroidManifest.xml:126:9
	android:screenOrientation
		ADDED from AndroidManifest.xml:129:13
	android:configChanges
		ADDED from AndroidManifest.xml:128:13
	android:theme
		ADDED from AndroidManifest.xml:130:13
	android:name
		ADDED from AndroidManifest.xml:127:13
activity#tv.liangzi.quantum.activity.ShowLiveActivity
ADDED from AndroidManifest.xml:133:9
	android:screenOrientation
		ADDED from AndroidManifest.xml:136:13
	android:windowSoftInputMode
		ADDED from AndroidManifest.xml:138:13
	android:configChanges
		ADDED from AndroidManifest.xml:135:13
	android:theme
		ADDED from AndroidManifest.xml:137:13
	android:name
		ADDED from AndroidManifest.xml:134:13
activity#tv.liangzi.quantum.activity.ScheduleActivity
ADDED from AndroidManifest.xml:139:9
	android:label
		ADDED from AndroidManifest.xml:141:13
	android:name
		ADDED from AndroidManifest.xml:140:13
activity#tv.liangzi.quantum.activity.StartLiveActivity
ADDED from AndroidManifest.xml:142:9
	android:screenOrientation
		ADDED from AndroidManifest.xml:145:13
	android:windowSoftInputMode
		ADDED from AndroidManifest.xml:147:13
	android:configChanges
		ADDED from AndroidManifest.xml:144:13
	android:theme
		ADDED from AndroidManifest.xml:146:13
	android:name
		ADDED from AndroidManifest.xml:143:13
activity#tv.liangzi.quantum.activity.SearchActivity
ADDED from AndroidManifest.xml:150:9
	android:screenOrientation
		ADDED from AndroidManifest.xml:153:13
	android:windowSoftInputMode
		ADDED from AndroidManifest.xml:155:13
	android:configChanges
		ADDED from AndroidManifest.xml:152:13
	android:theme
		ADDED from AndroidManifest.xml:154:13
	android:name
		ADDED from AndroidManifest.xml:151:13
activity#me.nereo.multi_image_selector.MultiImageSelectorActivity
ADDED from AndroidManifest.xml:158:9
	android:configChanges
		ADDED from AndroidManifest.xml:159:13
	android:name
		ADDED from AndroidManifest.xml:160:13
meta-data#UMENG_APPKEY
ADDED from AndroidManifest.xml:161:9
	android:value
		ADDED from AndroidManifest.xml:163:13
	android:name
		ADDED from AndroidManifest.xml:162:13
activity#com.umeng.socialize.view.ShareActivity
ADDED from AndroidManifest.xml:165:9
	android:launchMode
		ADDED from AndroidManifest.xml:168:13
	android:noHistory
		ADDED from AndroidManifest.xml:169:13
	android:windowSoftInputMode
		ADDED from AndroidManifest.xml:171:13
	android:configChanges
		ADDED from AndroidManifest.xml:167:13
	android:theme
		ADDED from AndroidManifest.xml:170:13
	android:name
		ADDED from AndroidManifest.xml:166:13
activity#tv.liangzi.quantum.wxapi.WXEntryActivity
ADDED from AndroidManifest.xml:172:9
	android:screenOrientation
		ADDED from AndroidManifest.xml:176:13
	android:exported
		ADDED from AndroidManifest.xml:175:13
	android:configChanges
		ADDED from AndroidManifest.xml:174:13
	android:theme
		ADDED from AndroidManifest.xml:177:13
	android:name
		ADDED from AndroidManifest.xml:173:13
activity#gdg.ninja.croplib.CropActivity
ADDED from AndroidManifest.xml:178:9
MERGED from Quantum:ninjaCropLib:0.4-SNAPSHOT:18:9
	android:screenOrientation
		ADDED from AndroidManifest.xml:181:13
	android:label
		ADDED from Quantum:ninjaCropLib:0.4-SNAPSHOT:20:13
	android:exported
		ADDED from AndroidManifest.xml:180:13
	android:configChanges
		ADDED from AndroidManifest.xml:179:13
	android:theme
		ADDED from AndroidManifest.xml:182:13
	android:name
		ADDED from AndroidManifest.xml:178:19
activity#tv.liangzi.quantum.activity.SettingActivity
ADDED from AndroidManifest.xml:183:9
	android:screenOrientation
		ADDED from AndroidManifest.xml:186:13
	android:exported
		ADDED from AndroidManifest.xml:185:13
	android:configChanges
		ADDED from AndroidManifest.xml:184:13
	android:theme
		ADDED from AndroidManifest.xml:187:13
	android:name
		ADDED from AndroidManifest.xml:183:19
activity#tv.liangzi.quantum.activity.StartLivingActivity
ADDED from AndroidManifest.xml:188:9
	android:screenOrientation
		ADDED from AndroidManifest.xml:191:13
	android:exported
		ADDED from AndroidManifest.xml:190:13
	android:configChanges
		ADDED from AndroidManifest.xml:189:13
	android:theme
		ADDED from AndroidManifest.xml:192:13
	android:name
		ADDED from AndroidManifest.xml:188:19
meta-data#EASEMOB_APPKEY
ADDED from AndroidManifest.xml:195:9
	android:value
		ADDED from AndroidManifest.xml:195:51
	android:name
		ADDED from AndroidManifest.xml:195:20
service#com.easemob.chat.EMChatService
ADDED from AndroidManifest.xml:197:9
	android:name
		ADDED from AndroidManifest.xml:197:18